[ 2025-11-05 04:38:14,597 ] 1025 httpx - INFO - HTTP Request: GET https://dagshub.com/api/v1/user "HTTP/1.1 200 OK"
[ 2025-11-05 04:38:14,597 ] 107 dagshub - INFO - Accessing as somitrasinghkushwah
[ 2025-11-05 04:38:14,865 ] 1025 httpx - INFO - HTTP Request: GET https://dagshub.com/api/v1/repos/somitrasinghkushwah/Network-Security "HTTP/1.1 200 OK"
[ 2025-11-05 04:38:15,088 ] 1025 httpx - INFO - HTTP Request: GET https://dagshub.com/api/v1/user "HTTP/1.1 200 OK"
[ 2025-11-05 04:38:15,096 ] 107 dagshub - INFO - Initialized MLflow to track repo "somitrasinghkushwah/Network-Security"
[ 2025-11-05 04:38:15,098 ] 107 dagshub - INFO - Repository somitrasinghkushwah/Network-Security initialized!
[ 2025-11-05 04:38:15,098 ] 20 root - INFO - Initiate the data ingestion
[ 2025-11-05 04:38:17,403 ] 65 root - INFO - Performed train test split on the dataframe
[ 2025-11-05 04:38:17,403 ] 67 root - INFO - Exited split_data_as_train_test method of Data_Ingestion class
[ 2025-11-05 04:38:17,403 ] 75 root - INFO - Exporting train and test file path.
[ 2025-11-05 04:38:17,458 ] 84 root - INFO - Exported train and test file path.
[ 2025-11-05 04:38:17,458 ] 22 root - INFO - Data Initiation Completed
[ 2025-11-05 04:38:17,469 ] 26 root - INFO - Initiate the data Validation
[ 2025-11-05 04:38:17,520 ] 32 root - INFO - Required number of columns:2
[ 2025-11-05 04:38:17,520 ] 33 root - INFO - Data frame has columns:31
[ 2025-11-05 04:38:17,520 ] 32 root - INFO - Required number of columns:2
[ 2025-11-05 04:38:17,520 ] 33 root - INFO - Data frame has columns:31
[ 2025-11-05 04:38:17,645 ] 28 root - INFO - data Validation Completed
[ 2025-11-05 04:38:17,645 ] 31 root - INFO - data Transformation started
[ 2025-11-05 04:38:17,645 ] 63 root - INFO - Entered initiate_data_transformation method of DataTransformation class
[ 2025-11-05 04:38:17,645 ] 65 root - INFO - Starting data transformation
[ 2025-11-05 04:38:17,673 ] 48 root - INFO - Entered get_data_trnasformer_object method of Trnasformation class
[ 2025-11-05 04:38:17,673 ] 53 root - INFO - Initialise KNNImputer with {'missing_values': nan, 'n_neighbors': 3, 'weights': 'uniform'}
[ 2025-11-05 04:38:17,681 ] 46 root - INFO - Entered the save_object method of MainUtils class
[ 2025-11-05 04:38:17,688 ] 50 root - INFO - Exited the save_object method of MainUtils class
[ 2025-11-05 04:38:17,688 ] 46 root - INFO - Entered the save_object method of MainUtils class
[ 2025-11-05 04:38:17,690 ] 50 root - INFO - Exited the save_object method of MainUtils class
[ 2025-11-05 04:38:17,692 ] 35 root - INFO - data Transformation completed
[ 2025-11-05 04:38:17,692 ] 37 root - INFO - Model Training sstared
