[ 2025-11-05 04:46:54,321 ] 1025 httpx - INFO - HTTP Request: GET https://dagshub.com/api/v1/user "HTTP/1.1 200 OK"
[ 2025-11-05 04:46:54,325 ] 107 dagshub - INFO - Accessing as somitrasinghkushwah
[ 2025-11-05 04:46:54,571 ] 1025 httpx - INFO - HTTP Request: GET https://dagshub.com/api/v1/repos/somitrasinghkushwah/Network-Security "HTTP/1.1 200 OK"
[ 2025-11-05 04:46:54,787 ] 1025 httpx - INFO - HTTP Request: GET https://dagshub.com/api/v1/user "HTTP/1.1 200 OK"
[ 2025-11-05 04:46:54,787 ] 107 dagshub - INFO - Initialized MLflow to track repo "somitrasinghkushwah/Network-Security"
[ 2025-11-05 04:46:54,790 ] 107 dagshub - INFO - Repository somitrasinghkushwah/Network-Security initialized!
[ 2025-11-05 04:46:54,790 ] 20 root - INFO - Initiate the data ingestion
[ 2025-11-05 04:46:56,609 ] 65 root - INFO - Performed train test split on the dataframe
[ 2025-11-05 04:46:56,609 ] 67 root - INFO - Exited split_data_as_train_test method of Data_Ingestion class
[ 2025-11-05 04:46:56,609 ] 75 root - INFO - Exporting train and test file path.
[ 2025-11-05 04:46:56,650 ] 84 root - INFO - Exported train and test file path.
[ 2025-11-05 04:46:56,650 ] 22 root - INFO - Data Initiation Completed
[ 2025-11-05 04:46:56,652 ] 26 root - INFO - Initiate the data Validation
[ 2025-11-05 04:46:56,716 ] 32 root - INFO - Required number of columns:2
[ 2025-11-05 04:46:56,716 ] 33 root - INFO - Data frame has columns:31
[ 2025-11-05 04:46:56,716 ] 32 root - INFO - Required number of columns:2
[ 2025-11-05 04:46:56,716 ] 33 root - INFO - Data frame has columns:31
[ 2025-11-05 04:46:56,826 ] 28 root - INFO - data Validation Completed
[ 2025-11-05 04:46:56,828 ] 31 root - INFO - data Transformation started
[ 2025-11-05 04:46:56,828 ] 63 root - INFO - Entered initiate_data_transformation method of DataTransformation class
[ 2025-11-05 04:46:56,828 ] 65 root - INFO - Starting data transformation
[ 2025-11-05 04:46:56,848 ] 48 root - INFO - Entered get_data_trnasformer_object method of Trnasformation class
[ 2025-11-05 04:46:56,848 ] 53 root - INFO - Initialise KNNImputer with {'missing_values': nan, 'n_neighbors': 3, 'weights': 'uniform'}
[ 2025-11-05 04:46:56,859 ] 46 root - INFO - Entered the save_object method of MainUtils class
[ 2025-11-05 04:46:56,860 ] 50 root - INFO - Exited the save_object method of MainUtils class
[ 2025-11-05 04:46:56,860 ] 46 root - INFO - Entered the save_object method of MainUtils class
[ 2025-11-05 04:46:56,860 ] 50 root - INFO - Exited the save_object method of MainUtils class
[ 2025-11-05 04:46:56,860 ] 35 root - INFO - data Transformation completed
[ 2025-11-05 04:46:56,860 ] 37 root - INFO - Model Training sstared
