[ 2025-11-05 05:11:10,969 ] 1025 httpx - INFO - HTTP Request: GET https://dagshub.com/api/v1/user "HTTP/1.1 200 OK"
[ 2025-11-05 05:11:10,975 ] 107 dagshub - INFO - Accessing as somitrasinghkushwah
[ 2025-11-05 05:11:11,268 ] 1025 httpx - INFO - HTTP Request: GET https://dagshub.com/api/v1/repos/somitrasinghkushwah/Network-Security "HTTP/1.1 200 OK"
[ 2025-11-05 05:11:11,581 ] 1025 httpx - INFO - HTTP Request: GET https://dagshub.com/api/v1/user "HTTP/1.1 200 OK"
[ 2025-11-05 05:11:11,582 ] 107 dagshub - INFO - Initialized MLflow to track repo "somitrasinghkushwah/Network-Security"
[ 2025-11-05 05:11:11,584 ] 107 dagshub - INFO - Repository somitrasinghkushwah/Network-Security initialized!
[ 2025-11-05 05:11:11,584 ] 20 root - INFO - Initiate the data ingestion
[ 2025-11-05 05:11:24,417 ] 65 root - INFO - Performed train test split on the dataframe
[ 2025-11-05 05:11:24,417 ] 67 root - INFO - Exited split_data_as_train_test method of Data_Ingestion class
[ 2025-11-05 05:11:24,418 ] 75 root - INFO - Exporting train and test file path.
[ 2025-11-05 05:11:24,475 ] 84 root - INFO - Exported train and test file path.
[ 2025-11-05 05:11:24,476 ] 22 root - INFO - Data Initiation Completed
[ 2025-11-05 05:11:24,501 ] 26 root - INFO - Initiate the data Validation
[ 2025-11-05 05:11:24,568 ] 32 root - INFO - Required number of columns:2
[ 2025-11-05 05:11:24,569 ] 33 root - INFO - Data frame has columns:31
[ 2025-11-05 05:11:24,569 ] 32 root - INFO - Required number of columns:2
[ 2025-11-05 05:11:24,569 ] 33 root - INFO - Data frame has columns:31
[ 2025-11-05 05:11:24,716 ] 28 root - INFO - data Validation Completed
[ 2025-11-05 05:11:24,716 ] 31 root - INFO - data Transformation started
[ 2025-11-05 05:11:24,716 ] 63 root - INFO - Entered initiate_data_transformation method of DataTransformation class
[ 2025-11-05 05:11:24,716 ] 65 root - INFO - Starting data transformation
[ 2025-11-05 05:11:24,746 ] 48 root - INFO - Entered get_data_trnasformer_object method of Trnasformation class
[ 2025-11-05 05:11:24,746 ] 53 root - INFO - Initialise KNNImputer with {'missing_values': nan, 'n_neighbors': 3, 'weights': 'uniform'}
[ 2025-11-05 05:11:24,760 ] 46 root - INFO - Entered the save_object method of MainUtils class
[ 2025-11-05 05:11:24,763 ] 50 root - INFO - Exited the save_object method of MainUtils class
[ 2025-11-05 05:11:24,763 ] 46 root - INFO - Entered the save_object method of MainUtils class
[ 2025-11-05 05:11:24,767 ] 50 root - INFO - Exited the save_object method of MainUtils class
[ 2025-11-05 05:11:24,768 ] 35 root - INFO - data Transformation completed
[ 2025-11-05 05:11:24,768 ] 37 root - INFO - Model Training sstared
[ 2025-11-05 05:16:35,419 ] 46 root - INFO - Entered the save_object method of MainUtils class
[ 2025-11-05 05:16:35,422 ] 50 root - INFO - Exited the save_object method of MainUtils class
[ 2025-11-05 05:16:35,422 ] 46 root - INFO - Entered the save_object method of MainUtils class
[ 2025-11-05 05:16:35,460 ] 50 root - INFO - Exited the save_object method of MainUtils class
[ 2025-11-05 05:16:35,462 ] 148 root - INFO - Model trainer artifact: ModelTrainerArtifact(trained_model_file_path='Artifacts\\11_05_2025_05_11_06\\model_trainer\\trained_model\\model.pkl', train_metric_artifact=ClassificationMetricArtifact(f1_score=0.9914409425032725, precision_score=0.9873646209386282, recall_score=0.9955510616784631), test_metric_artifact=ClassificationMetricArtifact(f1_score=0.9751729751729752, precision_score=0.9622489959839358, recall_score=0.9884488448844885))
[ 2025-11-05 05:16:35,488 ] 42 root - INFO - Model Training artifact created
